PRT1
56
127
4 0 9 (1168 576 184 ) (1168 576 64 ) (1168 176 64 ) (1168 176 184 ) 
4 0 4 (1168 576 290 ) (1168 576 184 ) (1168 176 184 ) (1168 176 290 ) 
4 0 2 (1168 176 248 ) (1168 176 64 ) (1200 176 64 ) (1200 176 248 ) 
4 0 1 (1168 176 290 ) (1168 176 248 ) (1200 176 248 ) (1200 176 290 ) 
4 1 5 (1168 112 290 ) (1168 152 290 ) (1168 152 248 ) (1168 112 248 ) 
4 1 4 (1168 152 290 ) (1168 176 290 ) (1168 176 248 ) (1168 152 248 ) 
4 1 7 (1168 96 248 ) (1168 96 290 ) (1168 112 290 ) (1168 112 248 ) 
4 1 3 (1168 96 290 ) (1168 96 248 ) (1200 96 248 ) (1200 96 290 ) 
4 1 2 (1200 96 248 ) (1168 96 248 ) (1168 176 248 ) (1200 176 248 ) 
4 2 11 (1168 152 64 ) (1168 112 64 ) (1168 112 152 ) (1168 152 152 ) 
4 2 10 (1168 112 152 ) (1168 112 184 ) (1168 152 184 ) (1168 152 152 ) 
4 2 9 (1168 176 64 ) (1168 152 64 ) (1168 152 184 ) (1168 176 184 ) 
4 2 12 (1168 112 64 ) (1168 96 64 ) (1168 96 184 ) (1168 112 184 ) 
4 2 6 (1168 112 248 ) (1168 152 248 ) (1168 152 184 ) (1168 112 184 ) 
4 2 4 (1168 152 248 ) (1168 176 248 ) (1168 176 184 ) (1168 152 184 ) 
4 2 7 (1168 96 184 ) (1168 96 248 ) (1168 112 248 ) (1168 112 184 ) 
4 2 3 (1168 96 248 ) (1168 96 64 ) (1200 96 64 ) (1200 96 248 ) 
4 3 18 (1168 0 64 ) (1200 0 64 ) (1200 0 290 ) (1168 0 290 ) 
4 3 12 (1168 96 64 ) (1168 0 64 ) (1168 0 184 ) (1168 96 184 ) 
4 3 7 (1168 0 184 ) (1168 0 290 ) (1168 96 290 ) (1168 96 184 ) 
4 4 13 (1128 576 184 ) (1144 576 184 ) (1144 152 184 ) (1128 152 184 ) 
4 4 17 (1072 576 184 ) (1128 576 184 ) (1128 152 184 ) (1072 152 184 ) 
4 4 9 (1144 576 184 ) (1168 576 184 ) (1168 152 184 ) (1144 152 184 ) 
4 4 6 (1072 152 248 ) (1072 152 184 ) (1168 152 184 ) (1168 152 248 ) 
4 4 5 (1072 152 290 ) (1072 152 248 ) (1168 152 248 ) (1168 152 290 ) 
4 4 8 (1072 576 290 ) (1072 576 184 ) (1072 152 184 ) (1072 152 290 ) 
4 5 8 (1072 112 248 ) (1072 112 290 ) (1072 152 290 ) (1072 152 248 ) 
4 5 7 (1072 112 290 ) (1072 112 248 ) (1168 112 248 ) (1168 112 290 ) 
4 5 6 (1168 112 248 ) (1072 112 248 ) (1072 152 248 ) (1168 152 248 ) 
4 6 14 (1144 112 184 ) (1128 112 184 ) (1128 152 184 ) (1144 152 184 ) 
4 6 17 (1128 112 184 ) (1072 112 184 ) (1072 152 184 ) (1128 152 184 ) 
4 6 10 (1168 152 184 ) (1168 112 184 ) (1144 112 184 ) (1144 152 184 ) 
4 6 8 (1072 152 184 ) (1072 112 184 ) (1072 112 248 ) (1072 152 248 ) 
4 6 7 (1072 112 248 ) (1072 112 184 ) (1168 112 184 ) (1168 112 248 ) 
4 7 18 (1168 0 184 ) (1168 0 290 ) (1072 0 290 ) (1072 0 184 ) 
4 7 16 (1144 0 184 ) (1128 0 184 ) (1128 112 184 ) (1144 112 184 ) 
4 7 17 (1128 0 184 ) (1072 0 184 ) (1072 112 184 ) (1128 112 184 ) 
4 7 12 (1168 112 184 ) (1168 0 184 ) (1144 0 184 ) (1144 112 184 ) 
4 7 8 (1072 112 184 ) (1072 0 184 ) (1072 0 290 ) (1072 112 290 ) 
4 8 18 (1072 0 290 ) (1040 0 290 ) (1040 0 184 ) (1072 0 184 ) 
4 8 17 (1040 0 184 ) (1040 576 184 ) (1072 576 184 ) (1072 0 184 ) 
4 9 13 (1144 152 184 ) (1144 576 184 ) (1144 576 64 ) (1144 152 64 ) 
4 9 11 (1144 152 152 ) (1144 152 64 ) (1168 152 64 ) (1168 152 152 ) 
4 9 10 (1144 152 184 ) (1144 152 152 ) (1168 152 152 ) (1168 152 184 ) 
4 10 15 (1144 152 168 ) (1144 152 152 ) (1144 112 152 ) (1144 112 168 ) 
4 10 14 (1144 112 184 ) (1144 152 184 ) (1144 152 168 ) (1144 112 168 ) 
4 10 12 (1144 112 184 ) (1144 112 152 ) (1168 112 152 ) (1168 112 184 ) 
4 10 11 (1168 112 152 ) (1144 112 152 ) (1144 152 152 ) (1168 152 152 ) 
4 11 15 (1144 152 152 ) (1144 152 64 ) (1144 112 64 ) (1144 112 152 ) 
4 11 12 (1144 112 152 ) (1144 112 64 ) (1168 112 64 ) (1168 112 152 ) 
4 12 18 (1144 0 64 ) (1168 0 64 ) (1168 0 184 ) (1144 0 184 ) 
4 12 16 (1144 0 184 ) (1144 112 184 ) (1144 112 64 ) (1144 0 64 ) 
4 13 15 (1128 152 168 ) (1128 152 64 ) (1144 152 64 ) (1144 152 168 ) 
4 13 14 (1128 152 184 ) (1128 152 168 ) (1144 152 168 ) (1144 152 184 ) 
4 13 17 (1128 152 184 ) (1128 576 184 ) (1128 576 64 ) (1128 152 64 ) 
4 14 17 (1128 112 184 ) (1128 152 184 ) (1128 152 168 ) (1128 112 168 ) 
4 14 16 (1128 112 184 ) (1128 112 168 ) (1144 112 168 ) (1144 112 184 ) 
4 14 15 (1144 112 168 ) (1128 112 168 ) (1128 152 168 ) (1144 152 168 ) 
4 15 17 (1128 152 168 ) (1128 152 64 ) (1128 112 64 ) (1128 112 168 ) 
4 15 16 (1128 112 168 ) (1128 112 64 ) (1144 112 64 ) (1144 112 168 ) 
4 16 18 (1128 0 64 ) (1144 0 64 ) (1144 0 184 ) (1128 0 184 ) 
4 16 17 (1128 0 184 ) (1128 112 184 ) (1128 112 64 ) (1128 0 64 ) 
4 17 18 (1040 0 64 ) (1128 0 64 ) (1128 0 184 ) (1040 0 184 ) 
4 18 19 (1200 -168 64 ) (1200 -168 193.143005 ) (1040 -168 193.143005 ) (1040 -168 64 ) 
4 19 20 (1040 -176 193.143005 ) (1040 -176 64 ) (1200 -176 64 ) (1200 -176 193.143005 ) 
4 20 21 (1040 -192 64 ) (1040 -624 64 ) (1040 -624 290 ) (1040 -192 290 ) 
4 21 37 (1024 -624 290 ) (1024 -192 290 ) (1024 -192 64 ) (1024 -624 64 ) 
4 22 46 (1024 -1024 272.061005 ) (1024 -1024 64 ) (1040 -1024 64 ) (1040 -1024 272.061005 ) 
4 22 39 (1024 -1024 64 ) (1024 -1024 272.061005 ) (1024 -1008 272.061005 ) (1024 -1008 64 ) 
4 22 38 (1024 -1008 272.061005 ) (1024 -896 272.061005 ) (1024 -896 64 ) (1024 -1008 64 ) 
4 23 25 (1024 0 64 ) (1024 0 240 ) (480 0 240 ) (480 0 64 ) 
4 24 44 (0 0 64 ) (0 0 290 ) (0 400 290 ) (0 400 64 ) 
4 24 26 (0 0 290 ) (0 0 64 ) (464 0 64 ) (464 0 290 ) 
4 25 33 (672 -144 192 ) (480 -144 192 ) (480 -144 112 ) (672 -144 112 ) 
4 25 30 (816 -144 192 ) (688 -144 192 ) (688 -144 112 ) (816 -144 112 ) 
4 25 28 (1024 -144 112 ) (1024 -144 192 ) (832 -144 192 ) (832 -144 112 ) 
4 26 45 (0 0 290 ) (0 0 64 ) (0 -144 64 ) (0 -144 290 ) 
4 26 36 (0 -144 112 ) (0 -144 64 ) (464 -144 64 ) (464 -144 112 ) 
4 26 35 (0 -144 192 ) (0 -144 112 ) (464 -144 112 ) (464 -144 192 ) 
4 26 27 (0 -144 290 ) (0 -144 192 ) (464 -144 192 ) (464 -144 290 ) 
4 27 45 (0 -144 290 ) (0 -144 192 ) (0 -192 192 ) (0 -192 290 ) 
4 27 43 (0 -192 290 ) (0 -192 192 ) (464 -192 192 ) (464 -192 290 ) 
4 27 35 (464 -192 192 ) (0 -192 192 ) (0 -144 192 ) (464 -144 192 ) 
4 28 29 (832 -176 192 ) (832 -176 112 ) (1024 -176 112 ) (1024 -176 192 ) 
4 29 37 (1024 -192 112 ) (1024 -192 192 ) (832 -192 192 ) (832 -192 112 ) 
4 30 31 (688 -176 192 ) (688 -176 112 ) (816 -176 112 ) (816 -176 192 ) 
4 31 32 (688 -177 192 ) (688 -177 112 ) (816 -177 112 ) (816 -177 192 ) 
4 32 43 (736 -192 192 ) (688 -192 192 ) (688 -192 112 ) (736 -192 112 ) 
4 32 37 (816 -192 192 ) (736 -192 192 ) (736 -192 112 ) (816 -192 112 ) 
4 33 34 (480 -176 192 ) (480 -176 112 ) (672 -176 112 ) (672 -176 192 ) 
4 34 43 (672 -192 192 ) (480 -192 192 ) (480 -192 112 ) (672 -192 112 ) 
4 35 45 (0 -144 192 ) (0 -144 112 ) (0 -192 112 ) (0 -192 192 ) 
4 35 43 (464 -192 192 ) (0 -192 192 ) (0 -192 112 ) (464 -192 112 ) 
4 35 36 (464 -192 112 ) (0 -192 112 ) (0 -144 112 ) (464 -144 112 ) 
4 36 45 (0 -144 112 ) (0 -144 64 ) (0 -192 64 ) (0 -192 112 ) 
4 36 43 (0 -192 64 ) (464 -192 64 ) (464 -192 112 ) (0 -192 112 ) 
4 37 43 (736 -192 290 ) (736 -192 64 ) (736 -624 64 ) (736 -624 290 ) 
4 38 39 (752 -1008 272.061005 ) (752 -1008 64 ) (1024 -1008 64 ) (1024 -1008 272.061005 ) 
4 39 47 (1024 -1024 64 ) (1024 -1024 272.061005 ) (752 -1024 272.061005 ) (752 -1024 64 ) 
4 39 42 (752 -1008 104 ) (752 -1008 88 ) (752 -1024 88 ) (752 -1024 104 ) 
4 39 41 (752 -1008 192 ) (752 -1008 120 ) (752 -1024 120 ) (752 -1024 192 ) 
4 39 40 (752 -1008 193.143005 ) (752 -1008 192 ) (752 -1024 192 ) (752 -1024 193.143005 ) 
4 40 48 (736 -1024 193.143005 ) (736 -1024 192 ) (752 -1024 192 ) (752 -1024 193.143005 ) 
4 40 43 (736 -1024 192 ) (736 -1024 193.143005 ) (736 -1008 193.143005 ) (736 -1008 192 ) 
4 40 41 (736 -1024 192 ) (736 -1008 192 ) (752 -1008 192 ) (752 -1024 192 ) 
4 41 49 (736 -1024 192 ) (736 -1024 120 ) (752 -1024 120 ) (752 -1024 192 ) 
4 41 43 (736 -1024 120 ) (736 -1024 192 ) (736 -1008 192 ) (736 -1008 120 ) 
4 42 50 (736 -1024 104 ) (736 -1024 88 ) (752 -1024 88 ) (752 -1024 104 ) 
4 42 43 (736 -1024 88 ) (736 -1024 104 ) (736 -1008 104 ) (736 -1008 88 ) 
4 43 51 (0 -1024 290 ) (0 -1024 64 ) (736 -1024 64 ) (736 -1024 290 ) 
4 43 45 (0 -1024 64 ) (0 -1024 290 ) (0 -192 290 ) (0 -192 64 ) 
4 44 45 (0 0 64 ) (0 0 290 ) (-624 0 290 ) (-624 0 64 ) 
4 45 54 (0 -1024 64 ) (0 -1024 290 ) (-624 -1024 290 ) (-624 -1024 64 ) 
4 46 47 (1024 -1024 272.061005 ) (1024 -1024 64 ) (1024 -1264 64 ) (1024 -1264 272.061005 ) 
4 47 50 (752 -1024 104 ) (752 -1024 88 ) (752 -1136 88 ) (752 -1136 104 ) 
4 47 49 (752 -1024 192 ) (752 -1024 120 ) (752 -1136 120 ) (752 -1136 192 ) 
4 47 48 (752 -1024 193.143005 ) (752 -1024 192 ) (752 -1136 192 ) (752 -1136 193.143005 ) 
4 48 51 (736 -1136 192 ) (736 -1136 193.143005 ) (736 -1024 193.143005 ) (736 -1024 192 ) 
4 48 49 (752 -1136 192 ) (736 -1136 192 ) (736 -1024 192 ) (752 -1024 192 ) 
4 49 51 (736 -1136 120 ) (736 -1136 192 ) (736 -1024 192 ) (736 -1024 120 ) 
4 50 51 (736 -1136 88 ) (736 -1136 104 ) (736 -1024 104 ) (736 -1024 88 ) 
4 51 54 (0 -1024 290 ) (0 -1024 64 ) (0 -1136 64 ) (0 -1136 290 ) 
4 51 52 (0 -1136 290 ) (0 -1136 64 ) (736 -1136 64 ) (736 -1136 290 ) 
4 52 54 (0 -1136 64 ) (0 -1280 64 ) (0 -1280 290 ) (0 -1136 290 ) 
4 52 53 (0 -1280 192 ) (0 -1280 64 ) (176 -1280 64 ) (176 -1280 192 ) 
4 53 55 (0 -1280 192 ) (0 -1280 64 ) (0 -1920 64 ) (0 -1920 192 ) 
4 54 55 (-16 -1280 64 ) (0 -1280 64 ) (0 -1280 192 ) (-16 -1280 192 ) 
